c:\users\rhodel\documents\visual studio 2015\projects\vrengine\vrengine\x64\release\vc140.pdb
c:\users\rhodel\documents\visual studio 2015\projects\vrengine\vrengine\x64\release\vec4.obj
c:\users\rhodel\documents\visual studio 2015\projects\vrengine\vrengine\x64\release\vec3.obj
c:\users\rhodel\documents\visual studio 2015\projects\vrengine\vrengine\x64\release\mat4.obj
c:\users\rhodel\documents\visual studio 2015\projects\vrengine\vrengine\x64\release\openglapp.obj
c:\users\rhodel\documents\visual studio 2015\projects\vrengine\vrengine\x64\release\main.obj
c:\users\rhodel\documents\visual studio 2015\projects\vrengine\vrengine\x64\release\shadersimple.obj
c:\users\rhodel\documents\visual studio 2015\projects\vrengine\vrengine\x64\release\renderer.obj
c:\users\rhodel\documents\visual studio 2015\projects\vrengine\vrengine\x64\release\renderable.obj
c:\users\rhodel\documents\visual studio 2015\projects\vrengine\vrengine\bin\x64\release\core.exe
c:\users\rhodel\documents\visual studio 2015\projects\vrengine\vrengine\bin\x64\release\core.ipdb
c:\users\rhodel\documents\visual studio 2015\projects\vrengine\vrengine\bin\x64\release\core.iobj
c:\users\rhodel\documents\visual studio 2015\projects\vrengine\vrengine\bin\x64\release\core.pdb
c:\users\rhodel\documents\visual studio 2015\projects\vrengine\vrengine\.\bin\x64\release\core.exe
c:\users\rhodel\documents\visual studio 2015\projects\vrengine\vrengine\x64\release\core.tlog\cl.command.1.tlog
c:\users\rhodel\documents\visual studio 2015\projects\vrengine\vrengine\x64\release\core.tlog\cl.read.1.tlog
c:\users\rhodel\documents\visual studio 2015\projects\vrengine\vrengine\x64\release\core.tlog\cl.write.1.tlog
c:\users\rhodel\documents\visual studio 2015\projects\vrengine\vrengine\x64\release\core.tlog\link.command.1.tlog
c:\users\rhodel\documents\visual studio 2015\projects\vrengine\vrengine\x64\release\core.tlog\link.read.1.tlog
c:\users\rhodel\documents\visual studio 2015\projects\vrengine\vrengine\x64\release\core.tlog\link.write.1.tlog
