c:\users\rhodel\documents\visual studio 2015\projects\vrengine\vrengine\debug\vc140.pdb
c:\users\rhodel\documents\visual studio 2015\projects\vrengine\vrengine\debug\vc140.idb
c:\users\rhodel\documents\visual studio 2015\projects\vrengine\vrengine\debug\rectangle.obj
c:\users\rhodel\documents\visual studio 2015\projects\vrengine\vrengine\debug\renderable.obj
c:\users\rhodel\documents\visual studio 2015\projects\vrengine\vrengine\debug\renderer.obj
c:\users\rhodel\documents\visual studio 2015\projects\vrengine\vrengine\debug\renderer2d.obj
c:\users\rhodel\documents\visual studio 2015\projects\vrengine\vrengine\debug\shadersimple.obj
c:\users\rhodel\documents\visual studio 2015\projects\vrengine\vrengine\debug\main.obj
c:\users\rhodel\documents\visual studio 2015\projects\vrengine\vrengine\debug\openglapp.obj
c:\users\rhodel\documents\visual studio 2015\projects\vrengine\vrengine\debug\mat4.obj
c:\users\rhodel\documents\visual studio 2015\projects\vrengine\vrengine\debug\vec3.obj
c:\users\rhodel\documents\visual studio 2015\projects\vrengine\vrengine\debug\vec4.obj
c:\users\rhodel\documents\visual studio 2015\projects\vrengine\vrengine\bin\win32\debug\core.ilk
c:\users\rhodel\documents\visual studio 2015\projects\vrengine\vrengine\bin\win32\debug\core.exe
c:\users\rhodel\documents\visual studio 2015\projects\vrengine\vrengine\bin\win32\debug\core.pdb
c:\users\rhodel\documents\visual studio 2015\projects\vrengine\vrengine\.\bin\win32\debug\core.exe
c:\users\rhodel\documents\visual studio 2015\projects\vrengine\vrengine\debug\core.tlog\cl.command.1.tlog
c:\users\rhodel\documents\visual studio 2015\projects\vrengine\vrengine\debug\core.tlog\cl.read.1.tlog
c:\users\rhodel\documents\visual studio 2015\projects\vrengine\vrengine\debug\core.tlog\cl.write.1.tlog
c:\users\rhodel\documents\visual studio 2015\projects\vrengine\vrengine\debug\core.tlog\link.command.1.tlog
c:\users\rhodel\documents\visual studio 2015\projects\vrengine\vrengine\debug\core.tlog\link.read.1.tlog
c:\users\rhodel\documents\visual studio 2015\projects\vrengine\vrengine\debug\core.tlog\link.write.1.tlog
